2026-05-11 07:31:57 - Array
(
    [update_id] => 617871258
    [message] => Array
        (
            [message_id] => 58
            [from] => Array
                (
                    [id] => 6103145555
                    [is_bot] => 
                    [first_name] => Eko Budianto
                    [username] => ekobudi17
                    [language_code] => en
                )

            [chat] => Array
                (
                    [id] => 6103145555
                    [first_name] => Eko Budianto
                    [username] => ekobudi17
                    [type] => private
                )

            [date] => 1778484715
            [text] => /start
            [entities] => Array
                (
                    [0] => Array
                        (
                            [offset] => 0
                            [length] => 6
                            [type] => bot_command
                        )

                )

        )

)

2026-05-11 07:31:58 - Response: 
2026-05-11 07:36:07 - Array
(
    [update_id] => 617871259
    [message] => Array
        (
            [message_id] => 59
            [from] => Array
                (
                    [id] => 6103145555
                    [is_bot] => 
                    [first_name] => Eko Budianto
                    [username] => ekobudi17
                    [language_code] => en
                )

            [chat] => Array
                (
                    [id] => 6103145555
                    [first_name] => Eko Budianto
                    [username] => ekobudi17
                    [type] => private
                )

            [date] => 1778484824
            [text] => /start
            [entities] => Array
                (
                    [0] => Array
                        (
                            [offset] => 0
                            [length] => 6
                            [type] => bot_command
                        )

                )

        )

)

2026-05-11 07:36:09 - Response: {"ok":true,"result":{"message_id":60,"from":{"id":8539939076,"is_bot":true,"first_name":"Keyboard","username":"Ahdirakb_bot"},"chat":{"id":6103145555,"first_name":"Eko Budianto","username":"ekobudi17","type":"private"},"date":1778484968,"text":"Halo ekobudi17! Selamat datang di bot saya."}}
2026-05-11 07:36:15 - Array
(
    [update_id] => 617871260
    [message] => Array
        (
            [message_id] => 61
            [from] => Array
                (
                    [id] => 6103145555
                    [is_bot] => 
                    [first_name] => Eko Budianto
                    [username] => ekobudi17
                    [language_code] => en
                )

            [chat] => Array
                (
                    [id] => 6103145555
                    [first_name] => Eko Budianto
                    [username] => ekobudi17
                    [type] => private
                )

            [date] => 1778484974
            [text] => /start
            [entities] => Array
                (
                    [0] => Array
                        (
                            [offset] => 0
                            [length] => 6
                            [type] => bot_command
                        )

                )

        )

)

2026-05-11 07:36:17 - Response: {"ok":true,"result":{"message_id":62,"from":{"id":8539939076,"is_bot":true,"first_name":"Keyboard","username":"Ahdirakb_bot"},"chat":{"id":6103145555,"first_name":"Eko Budianto","username":"ekobudi17","type":"private"},"date":1778484975,"text":"Halo ekobudi17! Selamat datang di bot saya."}}
2026-05-11 07:46:32 - Array
(
    [update_id] => 617871261
    [message] => Array
        (
            [message_id] => 63
            [from] => Array
                (
                    [id] => 6103145555
                    [is_bot] => 
                    [first_name] => Eko Budianto
                    [username] => ekobudi17
                    [language_code] => en
                )

            [chat] => Array
                (
                    [id] => 6103145555
                    [first_name] => Eko Budianto
                    [username] => ekobudi17
                    [type] => private
                )

            [date] => 1778485590
            [text] => /start
            [entities] => Array
                (
                    [0] => Array
                        (
                            [offset] => 0
                            [length] => 6
                            [type] => bot_command
                        )

                )

        )

)

2026-05-11 07:46:34 - Response: {"ok":true,"result":{"message_id":64,"from":{"id":8539939076,"is_bot":true,"first_name":"Keyboard","username":"Ahdirakb_bot"},"chat":{"id":6103145555,"first_name":"Eko Budianto","username":"ekobudi17","type":"private"},"date":1778485593,"text":"Halo ekobudi17! Selamat datang di bot saya."}}
2026-05-11 07:46:34 - Array
(
    [update_id] => 617871261
    [message] => Array
        (
            [message_id] => 63
            [from] => Array
                (
                    [id] => 6103145555
                    [is_bot] => 
                    [first_name] => Eko Budianto
                    [username] => ekobudi17
                    [language_code] => en
                )

            [chat] => Array
                (
                    [id] => 6103145555
                    [first_name] => Eko Budianto
                    [username] => ekobudi17
                    [type] => private
                )

            [date] => 1778485590
            [text] => /start
            [entities] => Array
                (
                    [0] => Array
                        (
                            [offset] => 0
                            [length] => 6
                            [type] => bot_command
                        )

                )

        )

)

2026-05-11 07:46:36 - Response: {"ok":true,"result":{"message_id":65,"from":{"id":8539939076,"is_bot":true,"first_name":"Keyboard","username":"Ahdirakb_bot"},"chat":{"id":6103145555,"first_name":"Eko Budianto","username":"ekobudi17","type":"private"},"date":1778485594,"text":"Halo ekobudi17! Selamat datang di bot saya."}}
2026-05-11 07:46:38 - Array
(
    [update_id] => 617871261
    [message] => Array
        (
            [message_id] => 63
            [from] => Array
                (
                    [id] => 6103145555
                    [is_bot] => 
                    [first_name] => Eko Budianto
                    [username] => ekobudi17
                    [language_code] => en
                )

            [chat] => Array
                (
                    [id] => 6103145555
                    [first_name] => Eko Budianto
                    [username] => ekobudi17
                    [type] => private
                )

            [date] => 1778485590
            [text] => /start
            [entities] => Array
                (
                    [0] => Array
                        (
                            [offset] => 0
                            [length] => 6
                            [type] => bot_command
                        )

                )

        )

)

2026-05-11 07:46:40 - Response: {"ok":true,"result":{"message_id":66,"from":{"id":8539939076,"is_bot":true,"first_name":"Keyboard","username":"Ahdirakb_bot"},"chat":{"id":6103145555,"first_name":"Eko Budianto","username":"ekobudi17","type":"private"},"date":1778485598,"text":"Halo ekobudi17! Selamat datang di bot saya."}}
2026-05-11 07:46:44 - Array
(
    [update_id] => 617871261
    [message] => Array
        (
            [message_id] => 63
            [from] => Array
                (
                    [id] => 6103145555
                    [is_bot] => 
                    [first_name] => Eko Budianto
                    [username] => ekobudi17
                    [language_code] => en
                )

            [chat] => Array
                (
                    [id] => 6103145555
                    [first_name] => Eko Budianto
                    [username] => ekobudi17
                    [type] => private
                )

            [date] => 1778485590
            [text] => /start
            [entities] => Array
                (
                    [0] => Array
                        (
                            [offset] => 0
                            [length] => 6
                            [type] => bot_command
                        )

                )

        )

)

2026-05-11 07:46:46 - Response: {"ok":true,"result":{"message_id":67,"from":{"id":8539939076,"is_bot":true,"first_name":"Keyboard","username":"Ahdirakb_bot"},"chat":{"id":6103145555,"first_name":"Eko Budianto","username":"ekobudi17","type":"private"},"date":1778485604,"text":"Halo ekobudi17! Selamat datang di bot saya."}}
2026-05-11 07:46:54 - Array
(
    [update_id] => 617871261
    [message] => Array
        (
            [message_id] => 63
            [from] => Array
                (
                    [id] => 6103145555
                    [is_bot] => 
                    [first_name] => Eko Budianto
                    [username] => ekobudi17
                    [language_code] => en
                )

            [chat] => Array
                (
                    [id] => 6103145555
                    [first_name] => Eko Budianto
                    [username] => ekobudi17
                    [type] => private
                )

            [date] => 1778485590
            [text] => /start
            [entities] => Array
                (
                    [0] => Array
                        (
                            [offset] => 0
                            [length] => 6
                            [type] => bot_command
                        )

                )

        )

)

2026-05-11 07:46:56 - Response: {"ok":true,"result":{"message_id":68,"from":{"id":8539939076,"is_bot":true,"first_name":"Keyboard","username":"Ahdirakb_bot"},"chat":{"id":6103145555,"first_name":"Eko Budianto","username":"ekobudi17","type":"private"},"date":1778485614,"text":"Halo ekobudi17! Selamat datang di bot saya."}}
2026-05-11 07:47:12 - Array
(
    [update_id] => 617871261
    [message] => Array
        (
            [message_id] => 63
            [from] => Array
                (
                    [id] => 6103145555
                    [is_bot] => 
                    [first_name] => Eko Budianto
                    [username] => ekobudi17
                    [language_code] => en
                )

            [chat] => Array
                (
                    [id] => 6103145555
                    [first_name] => Eko Budianto
                    [username] => ekobudi17
                    [type] => private
                )

            [date] => 1778485590
            [text] => /start
            [entities] => Array
                (
                    [0] => Array
                        (
                            [offset] => 0
                            [length] => 6
                            [type] => bot_command
                        )

                )

        )

)

2026-05-11 07:47:14 - Response: {"ok":true,"result":{"message_id":70,"from":{"id":8539939076,"is_bot":true,"first_name":"Keyboard","username":"Ahdirakb_bot"},"chat":{"id":6103145555,"first_name":"Eko Budianto","username":"ekobudi17","type":"private"},"date":1778485632,"text":"Halo ekobudi17! Selamat datang di bot saya."}}
2026-05-11 07:47:46 - Array
(
    [update_id] => 617871261
    [message] => Array
        (
            [message_id] => 63
            [from] => Array
                (
                    [id] => 6103145555
                    [is_bot] => 
                    [first_name] => Eko Budianto
                    [username] => ekobudi17
                    [language_code] => en
                )

            [chat] => Array
                (
                    [id] => 6103145555
                    [first_name] => Eko Budianto
                    [username] => ekobudi17
                    [type] => private
                )

            [date] => 1778485590
            [text] => /start
            [entities] => Array
                (
                    [0] => Array
                        (
                            [offset] => 0
                            [length] => 6
                            [type] => bot_command
                        )

                )

        )

)

2026-05-11 07:47:48 - Response: {"ok":true,"result":{"message_id":71,"from":{"id":8539939076,"is_bot":true,"first_name":"Keyboard","username":"Ahdirakb_bot"},"chat":{"id":6103145555,"first_name":"Eko Budianto","username":"ekobudi17","type":"private"},"date":1778485666,"text":"Halo ekobudi17! Selamat datang di bot saya."}}
2026-05-11 07:48:52 - Array
(
    [update_id] => 617871261
    [message] => Array
        (
            [message_id] => 63
            [from] => Array
                (
                    [id] => 6103145555
                    [is_bot] => 
                    [first_name] => Eko Budianto
                    [username] => ekobudi17
                    [language_code] => en
                )

            [chat] => Array
                (
                    [id] => 6103145555
                    [first_name] => Eko Budianto
                    [username] => ekobudi17
                    [type] => private
                )

            [date] => 1778485590
            [text] => /start
            [entities] => Array
                (
                    [0] => Array
                        (
                            [offset] => 0
                            [length] => 6
                            [type] => bot_command
                        )

                )

        )

)

2026-05-11 07:48:54 - Response: {"ok":true,"result":{"message_id":72,"from":{"id":8539939076,"is_bot":true,"first_name":"Keyboard","username":"Ahdirakb_bot"},"chat":{"id":6103145555,"first_name":"Eko Budianto","username":"ekobudi17","type":"private"},"date":1778485733,"text":"Halo ekobudi17! Selamat datang di bot saya."}}
2026-05-11 07:50:19 - Array
(
    [update_id] => 617871261
    [message] => Array
        (
            [message_id] => 63
            [from] => Array
                (
                    [id] => 6103145555
                    [is_bot] => 
                    [first_name] => Eko Budianto
                    [username] => ekobudi17
                    [language_code] => en
                )

            [chat] => Array
                (
                    [id] => 6103145555
                    [first_name] => Eko Budianto
                    [username] => ekobudi17
                    [type] => private
                )

            [date] => 1778485590
            [text] => /start
            [entities] => Array
                (
                    [0] => Array
                        (
                            [offset] => 0
                            [length] => 6
                            [type] => bot_command
                        )

                )

        )

)

2026-05-11 07:50:21 - Response: {"ok":true,"result":{"message_id":73,"from":{"id":8539939076,"is_bot":true,"first_name":"Keyboard","username":"Ahdirakb_bot"},"chat":{"id":6103145555,"first_name":"Eko Budianto","username":"ekobudi17","type":"private"},"date":1778485820,"text":"Halo ekobudi17! Selamat datang di bot saya."}}
2026-05-11 07:50:22 - Array
(
    [update_id] => 617871262
    [message] => Array
        (
            [message_id] => 69
            [from] => Array
                (
                    [id] => 6103145555
                    [is_bot] => 
                    [first_name] => Eko Budianto
                    [username] => ekobudi17
                    [language_code] => en
                )

            [chat] => Array
                (
                    [id] => 6103145555
                    [first_name] => Eko Budianto
                    [username] => ekobudi17
                    [type] => private
                )

            [date] => 1778485627
            [text] => /start
            [entities] => Array
                (
                    [0] => Array
                        (
                            [offset] => 0
                            [length] => 6
                            [type] => bot_command
                        )

                )

        )

)

2026-05-11 07:50:23 - Response: {"ok":true,"result":{"message_id":74,"from":{"id":8539939076,"is_bot":true,"first_name":"Keyboard","username":"Ahdirakb_bot"},"chat":{"id":6103145555,"first_name":"Eko Budianto","username":"ekobudi17","type":"private"},"date":1778485822,"text":"Halo ekobudi17! Selamat datang di bot saya."}}
2026-05-11 08:05:52 - Input: 
2026-05-11 08:07:45 - Input: 
2026-05-11 08:08:14 - Input: '{message:{chat:{id:123456789},text:test,from:{username:testuser}}}'
2026-05-11 08:09:26 - Input: 
2026-05-11 08:12:12 - Input: 
2026-05-11 08:15:04 - Input: 
2026-05-11 08:15:12 - Input: 
2026-05-11 08:18:31 - Input: 
2026-05-11 08:21:28 - Input: {"update_id":617871263,
"message":{"message_id":75,"from":{"id":6103145555,"is_bot":false,"first_name":"Eko Budianto","username":"ekobudi17","language_code":"en"},"chat":{"id":6103145555,"first_name":"Eko Budianto","username":"ekobudi17","type":"private"},"date":1778486644,"text":"/start","entities":[{"offset":0,"length":6,"type":"bot_command"}]}}
2026-05-11 08:21:30 - Response: {"ok":true,"result":{"message_id":77,"from":{"id":8539939076,"is_bot":true,"first_name":"Keyboard","username":"Ahdirakb_bot"},"chat":{"id":6103145555,"first_name":"Eko Budianto","username":"ekobudi17","type":"private"},"date":1778487688,"text":"Halo ekobudi17!\nAnda mengirim: /start\nTerima kasih sudah menghubungi bot ini.","entities":[{"offset":31,"length":6,"type":"bot_command"}]}}
2026-05-11 08:21:30 - Input: {"update_id":617871264,
"message":{"message_id":76,"from":{"id":6103145555,"is_bot":false,"first_name":"Eko Budianto","username":"ekobudi17","language_code":"en"},"chat":{"id":6103145555,"first_name":"Eko Budianto","username":"ekobudi17","type":"private"},"date":1778487341,"text":"/start","entities":[{"offset":0,"length":6,"type":"bot_command"}]}}
2026-05-11 08:21:32 - Response: {"ok":true,"result":{"message_id":78,"from":{"id":8539939076,"is_bot":true,"first_name":"Keyboard","username":"Ahdirakb_bot"},"chat":{"id":6103145555,"first_name":"Eko Budianto","username":"ekobudi17","type":"private"},"date":1778487690,"text":"Halo ekobudi17!\nAnda mengirim: /start\nTerima kasih sudah menghubungi bot ini.","entities":[{"offset":31,"length":6,"type":"bot_command"}]}}
2026-05-11 08:21:41 - Input: {"update_id":617871265,
"message":{"message_id":79,"from":{"id":6103145555,"is_bot":false,"first_name":"Eko Budianto","username":"ekobudi17","language_code":"en"},"chat":{"id":6103145555,"first_name":"Eko Budianto","username":"ekobudi17","type":"private"},"date":1778487700,"text":"/start","entities":[{"offset":0,"length":6,"type":"bot_command"}]}}
2026-05-11 08:21:43 - Response: {"ok":true,"result":{"message_id":80,"from":{"id":8539939076,"is_bot":true,"first_name":"Keyboard","username":"Ahdirakb_bot"},"chat":{"id":6103145555,"first_name":"Eko Budianto","username":"ekobudi17","type":"private"},"date":1778487701,"text":"Halo ekobudi17!\nAnda mengirim: /start\nTerima kasih sudah menghubungi bot ini.","entities":[{"offset":31,"length":6,"type":"bot_command"}]}}
2026-05-11 08:29:39 - Input: {"update_id":617871266,
"message":{"message_id":81,"from":{"id":6103145555,"is_bot":false,"first_name":"Eko Budianto","username":"ekobudi17","language_code":"en"},"chat":{"id":6103145555,"first_name":"Eko Budianto","username":"ekobudi17","type":"private"},"date":1778488177,"text":"/start","entities":[{"offset":0,"length":6,"type":"bot_command"}]}}
2026-05-11 08:29:39 - Input: {"update_id":617871266,
"message":{"message_id":81,"from":{"id":6103145555,"is_bot":false,"first_name":"Eko Budianto","username":"ekobudi17","language_code":"en"},"chat":{"id":6103145555,"first_name":"Eko Budianto","username":"ekobudi17","type":"private"},"date":1778488177,"text":"/start","entities":[{"offset":0,"length":6,"type":"bot_command"}]}}
2026-05-11 08:29:42 - Input: {"update_id":617871266,
"message":{"message_id":81,"from":{"id":6103145555,"is_bot":false,"first_name":"Eko Budianto","username":"ekobudi17","language_code":"en"},"chat":{"id":6103145555,"first_name":"Eko Budianto","username":"ekobudi17","type":"private"},"date":1778488177,"text":"/start","entities":[{"offset":0,"length":6,"type":"bot_command"}]}}
2026-05-11 08:29:46 - Input: {"update_id":617871266,
"message":{"message_id":81,"from":{"id":6103145555,"is_bot":false,"first_name":"Eko Budianto","username":"ekobudi17","language_code":"en"},"chat":{"id":6103145555,"first_name":"Eko Budianto","username":"ekobudi17","type":"private"},"date":1778488177,"text":"/start","entities":[{"offset":0,"length":6,"type":"bot_command"}]}}
2026-05-11 08:29:56 - Input: {"update_id":617871266,
"message":{"message_id":81,"from":{"id":6103145555,"is_bot":false,"first_name":"Eko Budianto","username":"ekobudi17","language_code":"en"},"chat":{"id":6103145555,"first_name":"Eko Budianto","username":"ekobudi17","type":"private"},"date":1778488177,"text":"/start","entities":[{"offset":0,"length":6,"type":"bot_command"}]}}
2026-05-11 08:30:14 - Input: {"update_id":617871266,
"message":{"message_id":81,"from":{"id":6103145555,"is_bot":false,"first_name":"Eko Budianto","username":"ekobudi17","language_code":"en"},"chat":{"id":6103145555,"first_name":"Eko Budianto","username":"ekobudi17","type":"private"},"date":1778488177,"text":"/start","entities":[{"offset":0,"length":6,"type":"bot_command"}]}}
2026-05-11 08:30:48 - Input: {"update_id":617871266,
"message":{"message_id":81,"from":{"id":6103145555,"is_bot":false,"first_name":"Eko Budianto","username":"ekobudi17","language_code":"en"},"chat":{"id":6103145555,"first_name":"Eko Budianto","username":"ekobudi17","type":"private"},"date":1778488177,"text":"/start","entities":[{"offset":0,"length":6,"type":"bot_command"}]}}
2026-05-11 08:31:07 - Response: {"ok":true,"result":{"message_id":82,"from":{"id":8539939076,"is_bot":true,"first_name":"Keyboard","username":"Ahdirakb_bot"},"chat":{"id":6103145555,"first_name":"Eko Budianto","username":"ekobudi17","type":"private"},"date":1778488266,"text":"Halo ekobudi17!\nAnda mengirim: /start\nTerima kasih sudah menghubungi bot ini.","entities":[{"offset":31,"length":6,"type":"bot_command"}]}}
2026-05-11 08:31:28 - Input: {"update_id":617871267,
"message":{"message_id":83,"from":{"id":6103145555,"is_bot":false,"first_name":"Eko Budianto","username":"ekobudi17","language_code":"en"},"chat":{"id":6103145555,"first_name":"Eko Budianto","username":"ekobudi17","type":"private"},"date":1778488287,"text":"/start","entities":[{"offset":0,"length":6,"type":"bot_command"}]}}
2026-05-11 08:31:30 - Response: {"ok":true,"result":{"message_id":84,"from":{"id":8539939076,"is_bot":true,"first_name":"Keyboard","username":"Ahdirakb_bot"},"chat":{"id":6103145555,"first_name":"Eko Budianto","username":"ekobudi17","type":"private"},"date":1778488288,"text":"Halo ekobudi17!\nAnda mengirim: /start\nTerima kasih sudah menghubungi bot ini.","entities":[{"offset":31,"length":6,"type":"bot_command"}]}}
2026-05-11 08:31:31 - Input: {"update_id":617871268,
"message":{"message_id":85,"from":{"id":6103145555,"is_bot":false,"first_name":"Eko Budianto","username":"ekobudi17","language_code":"en"},"chat":{"id":6103145555,"first_name":"Eko Budianto","username":"ekobudi17","type":"private"},"date":1778488290,"text":"/start","entities":[{"offset":0,"length":6,"type":"bot_command"}]}}
2026-05-11 08:31:33 - Response: {"ok":true,"result":{"message_id":86,"from":{"id":8539939076,"is_bot":true,"first_name":"Keyboard","username":"Ahdirakb_bot"},"chat":{"id":6103145555,"first_name":"Eko Budianto","username":"ekobudi17","type":"private"},"date":1778488291,"text":"Halo ekobudi17!\nAnda mengirim: /start\nTerima kasih sudah menghubungi bot ini.","entities":[{"offset":31,"length":6,"type":"bot_command"}]}}
2026-05-11 08:32:07 - Input: {"update_id":617871269,
"message":{"message_id":87,"from":{"id":6103145555,"is_bot":false,"first_name":"Eko Budianto","username":"ekobudi17","language_code":"en"},"chat":{"id":6103145555,"first_name":"Eko Budianto","username":"ekobudi17","type":"private"},"date":1778488326,"text":"/start","entities":[{"offset":0,"length":6,"type":"bot_command"}]}}
2026-05-11 08:32:08 - Input: {"update_id":617871269,
"message":{"message_id":87,"from":{"id":6103145555,"is_bot":false,"first_name":"Eko Budianto","username":"ekobudi17","language_code":"en"},"chat":{"id":6103145555,"first_name":"Eko Budianto","username":"ekobudi17","type":"private"},"date":1778488326,"text":"/start","entities":[{"offset":0,"length":6,"type":"bot_command"}]}}
2026-05-11 08:32:10 - Input: {"update_id":617871269,
"message":{"message_id":87,"from":{"id":6103145555,"is_bot":false,"first_name":"Eko Budianto","username":"ekobudi17","language_code":"en"},"chat":{"id":6103145555,"first_name":"Eko Budianto","username":"ekobudi17","type":"private"},"date":1778488326,"text":"/start","entities":[{"offset":0,"length":6,"type":"bot_command"}]}}
2026-05-11 08:32:14 - Input: {"update_id":617871269,
"message":{"message_id":87,"from":{"id":6103145555,"is_bot":false,"first_name":"Eko Budianto","username":"ekobudi17","language_code":"en"},"chat":{"id":6103145555,"first_name":"Eko Budianto","username":"ekobudi17","type":"private"},"date":1778488326,"text":"/start","entities":[{"offset":0,"length":6,"type":"bot_command"}]}}
2026-05-11 08:32:23 - Input: {"update_id":617871269,
"message":{"message_id":87,"from":{"id":6103145555,"is_bot":false,"first_name":"Eko Budianto","username":"ekobudi17","language_code":"en"},"chat":{"id":6103145555,"first_name":"Eko Budianto","username":"ekobudi17","type":"private"},"date":1778488326,"text":"/start","entities":[{"offset":0,"length":6,"type":"bot_command"}]}}
2026-05-11 08:32:39 - Input: {"update_id":617871269,
"message":{"message_id":87,"from":{"id":6103145555,"is_bot":false,"first_name":"Eko Budianto","username":"ekobudi17","language_code":"en"},"chat":{"id":6103145555,"first_name":"Eko Budianto","username":"ekobudi17","type":"private"},"date":1778488326,"text":"/start","entities":[{"offset":0,"length":6,"type":"bot_command"}]}}
2026-05-11 08:33:12 - Input: {"update_id":617871269,
"message":{"message_id":87,"from":{"id":6103145555,"is_bot":false,"first_name":"Eko Budianto","username":"ekobudi17","language_code":"en"},"chat":{"id":6103145555,"first_name":"Eko Budianto","username":"ekobudi17","type":"private"},"date":1778488326,"text":"/start","entities":[{"offset":0,"length":6,"type":"bot_command"}]}}
2026-05-11 08:34:16 - Input: {"update_id":617871269,
"message":{"message_id":87,"from":{"id":6103145555,"is_bot":false,"first_name":"Eko Budianto","username":"ekobudi17","language_code":"en"},"chat":{"id":6103145555,"first_name":"Eko Budianto","username":"ekobudi17","type":"private"},"date":1778488326,"text":"/start","entities":[{"offset":0,"length":6,"type":"bot_command"}]}}
2026-05-11 08:35:41 - Input: {"update_id":617871269,
"message":{"message_id":87,"from":{"id":6103145555,"is_bot":false,"first_name":"Eko Budianto","username":"ekobudi17","language_code":"en"},"chat":{"id":6103145555,"first_name":"Eko Budianto","username":"ekobudi17","type":"private"},"date":1778488326,"text":"/start","entities":[{"offset":0,"length":6,"type":"bot_command"}]}}
2026-05-11 08:35:42 - Response: {"ok":true,"result":{"message_id":91,"from":{"id":8539939076,"is_bot":true,"first_name":"Keyboard","username":"Ahdirakb_bot"},"chat":{"id":6103145555,"first_name":"Eko Budianto","username":"ekobudi17","type":"private"},"date":1778488541,"text":"Halo ekobudi17!\nAnda mengirim: /start\nTerima kasih sudah menghubungi bot ini.","entities":[{"offset":31,"length":6,"type":"bot_command"}]}}
2026-05-11 08:35:43 - Input: {"update_id":617871270,
"message":{"message_id":88,"from":{"id":6103145555,"is_bot":false,"first_name":"Eko Budianto","username":"ekobudi17","language_code":"en"},"chat":{"id":6103145555,"first_name":"Eko Budianto","username":"ekobudi17","type":"private"},"date":1778488334,"text":"/list_user","entities":[{"offset":0,"length":10,"type":"bot_command"}]}}
2026-05-11 08:35:44 - Response: {"ok":true,"result":{"message_id":92,"from":{"id":8539939076,"is_bot":true,"first_name":"Keyboard","username":"Ahdirakb_bot"},"chat":{"id":6103145555,"first_name":"Eko Budianto","username":"ekobudi17","type":"private"},"date":1778488543,"text":"Halo ekobudi17!\nAnda mengirim: /list_user\nTerima kasih sudah menghubungi bot ini.","entities":[{"offset":31,"length":10,"type":"bot_command"}]}}
2026-05-11 08:35:45 - Input: {"update_id":617871271,
"message":{"message_id":89,"from":{"id":6103145555,"is_bot":false,"first_name":"Eko Budianto","username":"ekobudi17","language_code":"en"},"chat":{"id":6103145555,"first_name":"Eko Budianto","username":"ekobudi17","type":"private"},"date":1778488467,"text":"/start","entities":[{"offset":0,"length":6,"type":"bot_command"}]}}
2026-05-11 08:35:46 - Response: {"ok":true,"result":{"message_id":93,"from":{"id":8539939076,"is_bot":true,"first_name":"Keyboard","username":"Ahdirakb_bot"},"chat":{"id":6103145555,"first_name":"Eko Budianto","username":"ekobudi17","type":"private"},"date":1778488545,"text":"Halo ekobudi17!\nAnda mengirim: /start\nTerima kasih sudah menghubungi bot ini.","entities":[{"offset":31,"length":6,"type":"bot_command"}]}}
2026-05-11 08:35:47 - Input: {"update_id":617871272,
"message":{"message_id":90,"from":{"id":6103145555,"is_bot":false,"first_name":"Eko Budianto","username":"ekobudi17","language_code":"en"},"chat":{"id":6103145555,"first_name":"Eko Budianto","username":"ekobudi17","type":"private"},"date":1778488501,"text":"/start","entities":[{"offset":0,"length":6,"type":"bot_command"}]}}
2026-05-11 08:35:48 - Response: {"ok":true,"result":{"message_id":94,"from":{"id":8539939076,"is_bot":true,"first_name":"Keyboard","username":"Ahdirakb_bot"},"chat":{"id":6103145555,"first_name":"Eko Budianto","username":"ekobudi17","type":"private"},"date":1778488547,"text":"Halo ekobudi17!\nAnda mengirim: /start\nTerima kasih sudah menghubungi bot ini.","entities":[{"offset":31,"length":6,"type":"bot_command"}]}}
2026-05-11 08:35:49 - Input: {"update_id":617871273,
"message":{"message_id":95,"from":{"id":6103145555,"is_bot":false,"first_name":"Eko Budianto","username":"ekobudi17","language_code":"en"},"chat":{"id":6103145555,"first_name":"Eko Budianto","username":"ekobudi17","type":"private"},"date":1778488548,"text":"/start","entities":[{"offset":0,"length":6,"type":"bot_command"}]}}
2026-05-11 08:35:51 - Response: {"ok":true,"result":{"message_id":96,"from":{"id":8539939076,"is_bot":true,"first_name":"Keyboard","username":"Ahdirakb_bot"},"chat":{"id":6103145555,"first_name":"Eko Budianto","username":"ekobudi17","type":"private"},"date":1778488550,"text":"Halo ekobudi17!\nAnda mengirim: /start\nTerima kasih sudah menghubungi bot ini.","entities":[{"offset":31,"length":6,"type":"bot_command"}]}}
2026-05-11 08:35:54 - Input: {"update_id":617871274,
"message":{"message_id":97,"from":{"id":6103145555,"is_bot":false,"first_name":"Eko Budianto","username":"ekobudi17","language_code":"en"},"chat":{"id":6103145555,"first_name":"Eko Budianto","username":"ekobudi17","type":"private"},"date":1778488552,"text":"/list_user","entities":[{"offset":0,"length":10,"type":"bot_command"}]}}
2026-05-11 08:35:55 - Response: {"ok":true,"result":{"message_id":98,"from":{"id":8539939076,"is_bot":true,"first_name":"Keyboard","username":"Ahdirakb_bot"},"chat":{"id":6103145555,"first_name":"Eko Budianto","username":"ekobudi17","type":"private"},"date":1778488554,"text":"Halo ekobudi17!\nAnda mengirim: /list_user\nTerima kasih sudah menghubungi bot ini.","entities":[{"offset":31,"length":10,"type":"bot_command"}]}}
2026-05-11 08:36:28 - Input: {"update_id":617871275,
"message":{"message_id":99,"from":{"id":6103145555,"is_bot":false,"first_name":"Eko Budianto","username":"ekobudi17","language_code":"en"},"chat":{"id":6103145555,"first_name":"Eko Budianto","username":"ekobudi17","type":"private"},"date":1778488586,"text":"/start","entities":[{"offset":0,"length":6,"type":"bot_command"}]}}
2026-05-11 08:36:30 - Response: {"ok":true,"result":{"message_id":100,"from":{"id":8539939076,"is_bot":true,"first_name":"Keyboard","username":"Ahdirakb_bot"},"chat":{"id":6103145555,"first_name":"Eko Budianto","username":"ekobudi17","type":"private"},"date":1778488588,"text":"Halo ekobudi17!\nAnda mengirim: /start\nTerima kasih sudah menghubungi bot ini.\n\nKetik /list_user untuk melihat daftar user.","entities":[{"offset":31,"length":6,"type":"bot_command"},{"offset":85,"length":10,"type":"bot_command"}]}}
2026-05-11 08:36:32 - Input: {"update_id":617871276,
"message":{"message_id":101,"from":{"id":6103145555,"is_bot":false,"first_name":"Eko Budianto","username":"ekobudi17","language_code":"en"},"chat":{"id":6103145555,"first_name":"Eko Budianto","username":"ekobudi17","type":"private"},"date":1778488591,"text":"/list_user","entities":[{"offset":0,"length":10,"type":"bot_command"}]}}
2026-05-11 08:36:34 - Input: {"update_id":617871276,
"message":{"message_id":101,"from":{"id":6103145555,"is_bot":false,"first_name":"Eko Budianto","username":"ekobudi17","language_code":"en"},"chat":{"id":6103145555,"first_name":"Eko Budianto","username":"ekobudi17","type":"private"},"date":1778488591,"text":"/list_user","entities":[{"offset":0,"length":10,"type":"bot_command"}]}}
2026-05-11 08:36:37 - Input: {"update_id":617871276,
"message":{"message_id":101,"from":{"id":6103145555,"is_bot":false,"first_name":"Eko Budianto","username":"ekobudi17","language_code":"en"},"chat":{"id":6103145555,"first_name":"Eko Budianto","username":"ekobudi17","type":"private"},"date":1778488591,"text":"/list_user","entities":[{"offset":0,"length":10,"type":"bot_command"}]}}
2026-05-11 08:36:42 - Input: {"update_id":617871276,
"message":{"message_id":101,"from":{"id":6103145555,"is_bot":false,"first_name":"Eko Budianto","username":"ekobudi17","language_code":"en"},"chat":{"id":6103145555,"first_name":"Eko Budianto","username":"ekobudi17","type":"private"},"date":1778488591,"text":"/list_user","entities":[{"offset":0,"length":10,"type":"bot_command"}]}}
2026-05-11 08:36:52 - Input: {"update_id":617871276,
"message":{"message_id":101,"from":{"id":6103145555,"is_bot":false,"first_name":"Eko Budianto","username":"ekobudi17","language_code":"en"},"chat":{"id":6103145555,"first_name":"Eko Budianto","username":"ekobudi17","type":"private"},"date":1778488591,"text":"/list_user","entities":[{"offset":0,"length":10,"type":"bot_command"}]}}
2026-05-11 08:37:08 - Input: {"update_id":617871276,
"message":{"message_id":101,"from":{"id":6103145555,"is_bot":false,"first_name":"Eko Budianto","username":"ekobudi17","language_code":"en"},"chat":{"id":6103145555,"first_name":"Eko Budianto","username":"ekobudi17","type":"private"},"date":1778488591,"text":"/list_user","entities":[{"offset":0,"length":10,"type":"bot_command"}]}}
2026-05-11 08:37:47 - Input: {"update_id":617871276,
"message":{"message_id":101,"from":{"id":6103145555,"is_bot":false,"first_name":"Eko Budianto","username":"ekobudi17","language_code":"en"},"chat":{"id":6103145555,"first_name":"Eko Budianto","username":"ekobudi17","type":"private"},"date":1778488591,"text":"/list_user","entities":[{"offset":0,"length":10,"type":"bot_command"}]}}
2026-05-11 08:37:48 - Input: {"update_id":617871276,
"message":{"message_id":101,"from":{"id":6103145555,"is_bot":false,"first_name":"Eko Budianto","username":"ekobudi17","language_code":"en"},"chat":{"id":6103145555,"first_name":"Eko Budianto","username":"ekobudi17","type":"private"},"date":1778488591,"text":"/list_user","entities":[{"offset":0,"length":10,"type":"bot_command"}]}}
2026-05-11 08:37:50 - Input: {"update_id":617871276,
"message":{"message_id":101,"from":{"id":6103145555,"is_bot":false,"first_name":"Eko Budianto","username":"ekobudi17","language_code":"en"},"chat":{"id":6103145555,"first_name":"Eko Budianto","username":"ekobudi17","type":"private"},"date":1778488591,"text":"/list_user","entities":[{"offset":0,"length":10,"type":"bot_command"}]}}
2026-05-11 08:37:55 - Input: {"update_id":617871276,
"message":{"message_id":101,"from":{"id":6103145555,"is_bot":false,"first_name":"Eko Budianto","username":"ekobudi17","language_code":"en"},"chat":{"id":6103145555,"first_name":"Eko Budianto","username":"ekobudi17","type":"private"},"date":1778488591,"text":"/list_user","entities":[{"offset":0,"length":10,"type":"bot_command"}]}}
2026-05-11 08:38:03 - Input: {"update_id":617871276,
"message":{"message_id":101,"from":{"id":6103145555,"is_bot":false,"first_name":"Eko Budianto","username":"ekobudi17","language_code":"en"},"chat":{"id":6103145555,"first_name":"Eko Budianto","username":"ekobudi17","type":"private"},"date":1778488591,"text":"/list_user","entities":[{"offset":0,"length":10,"type":"bot_command"}]}}
2026-05-11 08:38:21 - Input: {"update_id":617871276,
"message":{"message_id":101,"from":{"id":6103145555,"is_bot":false,"first_name":"Eko Budianto","username":"ekobudi17","language_code":"en"},"chat":{"id":6103145555,"first_name":"Eko Budianto","username":"ekobudi17","type":"private"},"date":1778488591,"text":"/list_user","entities":[{"offset":0,"length":10,"type":"bot_command"}]}}
2026-05-11 08:38:23 - Response: {"ok":true,"result":{"message_id":103,"from":{"id":8539939076,"is_bot":true,"first_name":"Keyboard","username":"Ahdirakb_bot"},"chat":{"id":6103145555,"first_name":"Eko Budianto","username":"ekobudi17","type":"private"},"date":1778488702,"text":"Halo ekobudi17!\nAnda mengirim: /list_user\nTerima kasih sudah menghubungi bot ini.","entities":[{"offset":31,"length":10,"type":"bot_command"}]}}
2026-05-11 08:38:23 - Input: {"update_id":617871277,
"message":{"message_id":102,"from":{"id":6103145555,"is_bot":false,"first_name":"Eko Budianto","username":"ekobudi17","language_code":"en"},"chat":{"id":6103145555,"first_name":"Eko Budianto","username":"ekobudi17","type":"private"},"date":1778488645,"text":"/start","entities":[{"offset":0,"length":6,"type":"bot_command"}]}}
2026-05-11 08:38:25 - Response: {"ok":true,"result":{"message_id":104,"from":{"id":8539939076,"is_bot":true,"first_name":"Keyboard","username":"Ahdirakb_bot"},"chat":{"id":6103145555,"first_name":"Eko Budianto","username":"ekobudi17","type":"private"},"date":1778488704,"text":"Halo ekobudi17!\nAnda mengirim: /start\nTerima kasih sudah menghubungi bot ini.","entities":[{"offset":31,"length":6,"type":"bot_command"}]}}
2026-05-11 08:41:03 - Input: {"update_id":617871278,
"message":{"message_id":105,"from":{"id":6103145555,"is_bot":false,"first_name":"Eko Budianto","username":"ekobudi17","language_code":"en"},"chat":{"id":6103145555,"first_name":"Eko Budianto","username":"ekobudi17","type":"private"},"date":1778488862,"text":"/start","entities":[{"offset":0,"length":6,"type":"bot_command"}]}}
2026-05-11 08:41:05 - Response: {"ok":true,"result":{"message_id":106,"from":{"id":8539939076,"is_bot":true,"first_name":"Keyboard","username":"Ahdirakb_bot"},"chat":{"id":6103145555,"first_name":"Eko Budianto","username":"ekobudi17","type":"private"},"date":1778488864,"text":"Halo ekobudi17!\nAnda mengirim: /start\nTerima kasih sudah menghubungi bot ini.\n\nKetik /list_user untuk melihat daftar user.","entities":[{"offset":31,"length":6,"type":"bot_command"},{"offset":85,"length":10,"type":"bot_command"}]}}
2026-05-11 08:41:07 - Input: {"update_id":617871279,
"message":{"message_id":107,"from":{"id":6103145555,"is_bot":false,"first_name":"Eko Budianto","username":"ekobudi17","language_code":"en"},"chat":{"id":6103145555,"first_name":"Eko Budianto","username":"ekobudi17","type":"private"},"date":1778488865,"text":"/list_user","entities":[{"offset":0,"length":10,"type":"bot_command"}]}}
2026-05-11 08:41:08 - Response: {"ok":true,"result":{"message_id":108,"from":{"id":8539939076,"is_bot":true,"first_name":"Keyboard","username":"Ahdirakb_bot"},"chat":{"id":6103145555,"first_name":"Eko Budianto","username":"ekobudi17","type":"private"},"date":1778488867,"text":"\ud83d\udccb Daftar User Telegram:\n\n1. Telegram ID: 222\n   Bergabung: 11-05-2026 16:24\n   \u2500\u2500\u2500\u2500\u2500\u2500\u2500\u2500\u2500\u2500\u2500\u2500\u2500\u2500\u2500\u2500\u2500\n2. Telegram ID: 111\n   Bergabung: 11-05-2026 16:24\n   \u2500\u2500\u2500\u2500\u2500\u2500\u2500\u2500\u2500\u2500\u2500\u2500\u2500\u2500\u2500\u2500\u2500\n3. Telegram ID: 321\n   Bergabung: 11-05-2026 16:24\n   \u2500\u2500\u2500\u2500\u2500\u2500\u2500\u2500\u2500\u2500\u2500\u2500\u2500\u2500\u2500\u2500\u2500\n4. Telegram ID: 123\n   Bergabung: 11-05-2026 16:23\n   \u2500\u2500\u2500\u2500\u2500\u2500\u2500\u2500\u2500\u2500\u2500\u2500\u2500\u2500\u2500\u2500\u2500\n\nTotal: 4 user","entities":[{"offset":3,"length":21,"type":"bold"},{"offset":42,"length":3,"type":"code"},{"offset":114,"length":3,"type":"code"},{"offset":186,"length":3,"type":"code"},{"offset":258,"length":3,"type":"code"}]}}
